00:01:01 : [MsSql]:Open
00:01:11 : NEWPOS_SCM 자료 생성 완료(37/169)
00:01:11 : [MsSql]:Open
00:01:11 : [MsSql]:Open
00:02:44 : [MsSql]:Open
00:02:53 : NEWPOS_SCM 자료 생성 완료(38/169)
00:02:53 : [MsSql]:Open
00:02:53 : [MsSql]:Open
00:04:22 : [MsSql]:Open
00:04:32 : NEWPOS_SCM 자료 생성 완료(39/169)
00:04:32 : [MsSql]:Open
00:04:32 : [MsSql]:Open
00:06:04 : [MsSql]:Open
00:06:14 : NEWPOS_SCM 자료 생성 완료(40/169)
00:06:14 : [MsSql]:Open
00:06:14 : [MsSql]:Open
00:07:56 : [MsSql]:Open
00:08:06 : NEWPOS_SCM 자료 생성 완료(41/169)
00:08:06 : [MsSql]:Open
00:08:06 : [MsSql]:Open
00:09:56 : [MsSql]:Open
00:10:06 : NEWPOS_SCM 자료 생성 완료(42/169)
00:10:06 : [MsSql]:Open
00:10:06 : [MsSql]:Open
00:12:00 : [MsSql]:Open
00:12:11 : NEWPOS_SCM 자료 생성 완료(43/169)
00:12:11 : [MsSql]:Open
00:12:11 : [MsSql]:Open
00:14:02 : [MsSql]:Open
00:14:12 : NEWPOS_SCM 자료 생성 완료(44/169)
00:14:12 : [MsSql]:Open
00:14:12 : [MsSql]:Open
00:16:10 : [MsSql]:Open
00:16:20 : NEWPOS_SCM 자료 생성 완료(45/169)
00:16:20 : [MsSql]:Open
00:16:20 : [MsSql]:Open
00:18:04 : [MsSql]:Open
00:18:13 : NEWPOS_SCM 자료 생성 완료(46/169)
00:18:13 : [MsSql]:Open
00:18:14 : [MsSql]:Open
00:20:18 : [MsSql]:Open
00:20:28 : NEWPOS_SCM 자료 생성 완료(47/169)
00:20:28 : [MsSql]:Open
00:20:28 : [MsSql]:Open
00:22:16 : [MsSql]:Open
00:22:25 : NEWPOS_SCM 자료 생성 완료(48/169)
00:22:25 : [MsSql]:Open
00:22:25 : [MsSql]:Open
00:24:21 : [MsSql]:Open
00:24:31 : NEWPOS_SCM 자료 생성 완료(49/169)
00:24:31 : [MsSql]:Open
00:24:31 : [MsSql]:Open
00:26:31 : [MsSql]:Open
00:26:41 : NEWPOS_SCM 자료 생성 완료(50/169)
00:26:41 : [MsSql]:Open
00:26:41 : [MsSql]:Open
00:28:38 : [MsSql]:Open
00:28:49 : NEWPOS_SCM 자료 생성 완료(51/169)
00:28:49 : [MsSql]:Open
00:28:49 : [MsSql]:Open
00:30:25 : [MsSql]:Open
00:30:35 : NEWPOS_SCM 자료 생성 완료(52/169)
00:30:35 : [MsSql]:Open
00:30:35 : [MsSql]:Open
00:32:21 : [MsSql]:Open
00:32:31 : NEWPOS_SCM 자료 생성 완료(53/169)
00:32:31 : [MsSql]:Open
00:32:31 : [MsSql]:Open
00:34:11 : [MsSql]:Open
00:34:21 : NEWPOS_SCM 자료 생성 완료(54/169)
00:34:21 : [MsSql]:Open
00:34:21 : [MsSql]:Open
00:36:10 : [MsSql]:Open
00:36:19 : NEWPOS_SCM 자료 생성 완료(55/169)
00:36:19 : [MsSql]:Open
00:36:19 : [MsSql]:Open
00:38:08 : [MsSql]:Open
00:38:18 : NEWPOS_SCM 자료 생성 완료(56/169)
00:38:18 : [MsSql]:Open
00:38:18 : [MsSql]:Open
00:40:12 : [MsSql]:Open
00:40:21 : NEWPOS_SCM 자료 생성 완료(57/169)
00:40:21 : [MsSql]:Open
00:40:21 : [MsSql]:Open
00:42:22 : [MsSql]:Open
00:42:32 : NEWPOS_SCM 자료 생성 완료(58/169)
00:42:32 : [MsSql]:Open
00:42:32 : [MsSql]:Open
00:44:26 : [MsSql]:Open
00:44:36 : NEWPOS_SCM 자료 생성 완료(59/169)
00:44:36 : [MsSql]:Open
00:44:36 : [MsSql]:Open
00:46:32 : [MsSql]:Open
00:46:42 : NEWPOS_SCM 자료 생성 완료(60/169)
00:46:42 : [MsSql]:Open
00:46:42 : [MsSql]:Open
00:48:50 : [MsSql]:Open
00:49:00 : NEWPOS_SCM 자료 생성 완료(61/169)
00:49:00 : [MsSql]:Open
00:49:00 : [MsSql]:Open
00:51:06 : [MsSql]:Open
00:51:16 : NEWPOS_SCM 자료 생성 완료(62/169)
00:51:16 : [MsSql]:Open
00:51:16 : [MsSql]:Open
00:53:29 : [MsSql]:Open
00:53:39 : NEWPOS_SCM 자료 생성 완료(63/169)
00:53:39 : [MsSql]:Open
00:53:39 : [MsSql]:Open
00:55:57 : [MsSql]:Open
00:56:07 : NEWPOS_SCM 자료 생성 완료(64/169)
00:56:07 : [MsSql]:Open
00:56:07 : [MsSql]:Open
00:58:26 : [MsSql]:Open
00:58:36 : NEWPOS_SCM 자료 생성 완료(65/169)
00:58:36 : [MsSql]:Open
00:58:36 : [MsSql]:Open
01:00:50 : [MsSql]:Open
01:00:59 : NEWPOS_SCM 자료 생성 완료(66/169)
01:00:59 : [MsSql]:Open
01:00:59 : [MsSql]:Open
01:03:15 : [MsSql]:Open
01:03:25 : NEWPOS_SCM 자료 생성 완료(67/169)
01:03:25 : [MsSql]:Open
01:03:25 : [MsSql]:Open
01:05:43 : [MsSql]:Open
01:05:53 : NEWPOS_SCM 자료 생성 완료(68/169)
01:05:53 : [MsSql]:Open
01:05:53 : [MsSql]:Open
01:08:24 : [MsSql]:Open
01:08:34 : NEWPOS_SCM 자료 생성 완료(69/169)
01:08:34 : [MsSql]:Open
01:08:34 : [MsSql]:Open
01:11:01 : [MsSql]:Open
01:11:11 : NEWPOS_SCM 자료 생성 완료(70/169)
01:11:11 : [MsSql]:Open
01:11:11 : [MsSql]:Open
01:13:31 : [MsSql]:Open
01:13:40 : NEWPOS_SCM 자료 생성 완료(71/169)
01:13:40 : [MsSql]:Open
01:13:40 : [MsSql]:Open
01:16:01 : [MsSql]:Open
01:16:11 : NEWPOS_SCM 자료 생성 완료(72/169)
01:16:11 : [MsSql]:Open
01:16:11 : [MsSql]:Open
01:18:23 : [MsSql]:Open
01:18:33 : NEWPOS_SCM 자료 생성 완료(73/169)
01:18:33 : [MsSql]:Open
01:18:33 : [MsSql]:Open
01:20:45 : [MsSql]:Open
01:20:54 : NEWPOS_SCM 자료 생성 완료(74/169)
01:20:54 : [MsSql]:Open
01:20:54 : [MsSql]:Open
01:23:12 : [MsSql]:Open
01:23:22 : NEWPOS_SCM 자료 생성 완료(75/169)
01:23:22 : [MsSql]:Open
01:23:22 : [MsSql]:Open
01:25:31 : [MsSql]:Open
01:25:41 : NEWPOS_SCM 자료 생성 완료(76/169)
01:25:41 : [MsSql]:Open
01:25:41 : [MsSql]:Open
01:27:51 : [MsSql]:Open
01:28:01 : NEWPOS_SCM 자료 생성 완료(77/169)
01:28:01 : [MsSql]:Open
01:28:01 : [MsSql]:Open
01:30:18 : [MsSql]:Open
01:30:27 : NEWPOS_SCM 자료 생성 완료(78/169)
01:30:27 : [MsSql]:Open
01:30:27 : [MsSql]:Open
01:32:25 : [MsSql]:Open
01:32:35 : NEWPOS_SCM 자료 생성 완료(79/169)
01:32:35 : [MsSql]:Open
01:32:35 : [MsSql]:Open
01:34:36 : [MsSql]:Open
01:34:46 : NEWPOS_SCM 자료 생성 완료(80/169)
01:34:46 : [MsSql]:Open
01:34:46 : [MsSql]:Open
01:36:53 : [MsSql]:Open
01:37:03 : NEWPOS_SCM 자료 생성 완료(81/169)
01:37:03 : [MsSql]:Open
01:37:03 : [MsSql]:Open
01:39:23 : [MsSql]:Open
01:39:33 : NEWPOS_SCM 자료 생성 완료(82/169)
01:39:33 : [MsSql]:Open
01:39:33 : [MsSql]:Open
01:41:54 : [MsSql]:Open
01:42:04 : NEWPOS_SCM 자료 생성 완료(83/169)
01:42:04 : [MsSql]:Open
01:42:04 : [MsSql]:Open
01:44:29 : [MsSql]:Open
01:44:39 : NEWPOS_SCM 자료 생성 완료(84/169)
01:44:39 : [MsSql]:Open
01:44:39 : [MsSql]:Open
01:46:57 : [MsSql]:Open
01:47:07 : NEWPOS_SCM 자료 생성 완료(85/169)
01:47:07 : [MsSql]:Open
01:47:07 : [MsSql]:Open
01:49:24 : [MsSql]:Open
01:49:34 : NEWPOS_SCM 자료 생성 완료(86/169)
01:49:34 : [MsSql]:Open
01:49:34 : [MsSql]:Open
01:51:46 : [MsSql]:Open
01:51:56 : NEWPOS_SCM 자료 생성 완료(87/169)
01:51:56 : [MsSql]:Open
01:51:56 : [MsSql]:Open
01:54:14 : [MsSql]:Open
01:54:24 : NEWPOS_SCM 자료 생성 완료(88/169)
01:54:24 : [MsSql]:Open
01:54:24 : [MsSql]:Open
01:56:43 : [MsSql]:Open
01:56:52 : NEWPOS_SCM 자료 생성 완료(89/169)
01:56:52 : [MsSql]:Open
01:56:52 : [MsSql]:Open
01:58:54 : [MsSql]:Open
01:59:04 : NEWPOS_SCM 자료 생성 완료(90/169)
01:59:04 : [MsSql]:Open
01:59:04 : [MsSql]:Open
02:01:03 : [MsSql]:Open
02:01:13 : NEWPOS_SCM 자료 생성 완료(91/169)
02:01:13 : [MsSql]:Open
02:01:13 : [MsSql]:Open
02:02:54 : [MsSql]:Open
02:03:04 : NEWPOS_SCM 자료 생성 완료(92/169)
02:03:04 : [MsSql]:Open
02:03:04 : [MsSql]:Open
02:04:44 : [MsSql]:Open
02:04:54 : NEWPOS_SCM 자료 생성 완료(93/169)
02:04:54 : [MsSql]:Open
02:04:54 : [MsSql]:Open
02:06:34 : [MsSql]:Open
02:06:44 : NEWPOS_SCM 자료 생성 완료(94/169)
02:06:44 : [MsSql]:Open
02:06:44 : [MsSql]:Open
02:08:30 : [MsSql]:Open
02:08:40 : NEWPOS_SCM 자료 생성 완료(95/169)
02:08:40 : [MsSql]:Open
02:08:40 : [MsSql]:Open
02:10:16 : [MsSql]:Open
02:10:26 : NEWPOS_SCM 자료 생성 완료(96/169)
02:10:26 : [MsSql]:Open
02:10:26 : [MsSql]:Open
02:12:06 : [MsSql]:Open
02:12:15 : NEWPOS_SCM 자료 생성 완료(97/169)
02:12:15 : [MsSql]:Open
02:12:15 : [MsSql]:Open
02:13:49 : [MsSql]:Open
02:13:59 : NEWPOS_SCM 자료 생성 완료(98/169)
02:13:59 : [MsSql]:Open
02:13:59 : [MsSql]:Open
02:15:36 : [MsSql]:Open
02:15:46 : NEWPOS_SCM 자료 생성 완료(99/169)
02:15:46 : [MsSql]:Open
02:15:46 : [MsSql]:Open
02:18:00 : [MsSql]:Open
02:18:09 : NEWPOS_SCM 자료 생성 완료(100/169)
02:18:09 : [MsSql]:Open
02:18:09 : [MsSql]:Open
02:19:49 : [MsSql]:Open
02:19:59 : NEWPOS_SCM 자료 생성 완료(101/169)
02:19:59 : [MsSql]:Open
02:19:59 : [MsSql]:Open
02:21:43 : [MsSql]:Open
02:21:53 : NEWPOS_SCM 자료 생성 완료(102/169)
02:21:53 : [MsSql]:Open
02:21:53 : [MsSql]:Open
02:23:36 : [MsSql]:Open
02:23:46 : NEWPOS_SCM 자료 생성 완료(103/169)
02:23:46 : [MsSql]:Open
02:23:46 : [MsSql]:Open
02:25:56 : [MsSql]:Open
02:26:06 : NEWPOS_SCM 자료 생성 완료(104/169)
02:26:06 : [MsSql]:Open
02:26:06 : [MsSql]:Open
02:28:10 : [MsSql]:Open
02:28:20 : NEWPOS_SCM 자료 생성 완료(105/169)
02:28:20 : [MsSql]:Open
02:28:20 : [MsSql]:Open
02:30:35 : [MsSql]:Open
02:30:44 : NEWPOS_SCM 자료 생성 완료(106/169)
02:30:44 : [MsSql]:Open
02:30:44 : [MsSql]:Open
02:32:56 : [MsSql]:Open
02:33:06 : NEWPOS_SCM 자료 생성 완료(107/169)
02:33:06 : [MsSql]:Open
02:33:06 : [MsSql]:Open
02:35:26 : [MsSql]:Open
02:35:36 : NEWPOS_SCM 자료 생성 완료(108/169)
02:35:36 : [MsSql]:Open
02:35:36 : [MsSql]:Open
02:37:39 : [MsSql]:Open
02:37:49 : NEWPOS_SCM 자료 생성 완료(109/169)
02:37:49 : [MsSql]:Open
02:37:49 : [MsSql]:Open
02:39:43 : [MsSql]:Open
02:39:52 : NEWPOS_SCM 자료 생성 완료(110/169)
02:39:52 : [MsSql]:Open
02:39:52 : [MsSql]:Open
02:41:53 : [MsSql]:Open
02:42:03 : NEWPOS_SCM 자료 생성 완료(111/169)
02:42:03 : [MsSql]:Open
02:42:03 : [MsSql]:Open
02:43:47 : [MsSql]:Open
02:43:57 : NEWPOS_SCM 자료 생성 완료(112/169)
02:43:57 : [MsSql]:Open
02:43:57 : [MsSql]:Open
02:45:39 : [MsSql]:Open
02:45:49 : NEWPOS_SCM 자료 생성 완료(113/169)
02:45:49 : [MsSql]:Open
02:45:49 : [MsSql]:Open
02:47:46 : [MsSql]:Open
02:47:56 : NEWPOS_SCM 자료 생성 완료(114/169)
02:47:56 : [MsSql]:Open
02:47:56 : [MsSql]:Open
02:49:44 : [MsSql]:Open
02:49:54 : NEWPOS_SCM 자료 생성 완료(115/169)
02:49:54 : [MsSql]:Open
02:49:54 : [MsSql]:Open
02:51:40 : [MsSql]:Open
02:51:50 : NEWPOS_SCM 자료 생성 완료(116/169)
02:51:50 : [MsSql]:Open
02:51:50 : [MsSql]:Open
02:53:51 : [MsSql]:Open
02:54:01 : NEWPOS_SCM 자료 생성 완료(117/169)
02:54:01 : [MsSql]:Open
02:54:01 : [MsSql]:Open
02:55:53 : [MsSql]:Open
02:56:03 : NEWPOS_SCM 자료 생성 완료(118/169)
02:56:03 : [MsSql]:Open
02:56:04 : [MsSql]:Open
02:57:59 : [MsSql]:Open
02:58:08 : NEWPOS_SCM 자료 생성 완료(119/169)
02:58:08 : [MsSql]:Open
02:58:08 : [MsSql]:Open
03:00:22 : [MsSql]:Open
03:00:32 : NEWPOS_SCM 자료 생성 완료(120/169)
03:00:32 : [MsSql]:Open
03:00:32 : [MsSql]:Open
03:02:29 : [MsSql]:Open
03:02:39 : NEWPOS_SCM 자료 생성 완료(121/169)
03:02:39 : [MsSql]:Open
03:02:39 : [MsSql]:Open
03:04:46 : [MsSql]:Open
03:04:56 : NEWPOS_SCM 자료 생성 완료(122/169)
03:04:56 : [MsSql]:Open
03:04:56 : [MsSql]:Open
03:07:03 : [MsSql]:Open
03:07:13 : NEWPOS_SCM 자료 생성 완료(123/169)
03:07:13 : [MsSql]:Open
03:07:13 : [MsSql]:Open
03:09:17 : [MsSql]:Open
03:09:26 : NEWPOS_SCM 자료 생성 완료(124/169)
03:09:26 : [MsSql]:Open
03:09:26 : [MsSql]:Open
03:11:25 : [MsSql]:Open
03:11:35 : NEWPOS_SCM 자료 생성 완료(125/169)
03:11:35 : [MsSql]:Open
03:11:35 : [MsSql]:Open
03:13:36 : [MsSql]:Open
03:13:46 : NEWPOS_SCM 자료 생성 완료(126/169)
03:13:46 : [MsSql]:Open
03:13:46 : [MsSql]:Open
03:15:31 : [MsSql]:Open
03:15:40 : NEWPOS_SCM 자료 생성 완료(127/169)
03:15:40 : [MsSql]:Open
03:15:40 : [MsSql]:Open
03:17:26 : [MsSql]:Open
03:17:37 : NEWPOS_SCM 자료 생성 완료(128/169)
03:17:37 : [MsSql]:Open
03:17:37 : [MsSql]:Open
03:19:25 : [MsSql]:Open
03:19:34 : NEWPOS_SCM 자료 생성 완료(129/169)
03:19:34 : [MsSql]:Open
03:19:34 : [MsSql]:Open
03:21:19 : [MsSql]:Open
03:21:29 : NEWPOS_SCM 자료 생성 완료(130/169)
03:21:29 : [MsSql]:Open
03:21:29 : [MsSql]:Open
03:23:15 : [MsSql]:Open
03:23:24 : NEWPOS_SCM 자료 생성 완료(131/169)
03:23:24 : [MsSql]:Open
03:23:24 : [MsSql]:Open
03:25:09 : [MsSql]:Open
03:25:18 : NEWPOS_SCM 자료 생성 완료(132/169)
03:25:18 : [MsSql]:Open
03:25:18 : [MsSql]:Open
03:27:02 : [MsSql]:Open
03:27:12 : NEWPOS_SCM 자료 생성 완료(133/169)
03:27:12 : [MsSql]:Open
03:27:12 : [MsSql]:Open
03:29:14 : [MsSql]:Open
03:29:23 : NEWPOS_SCM 자료 생성 완료(134/169)
03:29:23 : [MsSql]:Open
03:29:23 : [MsSql]:Open
03:31:24 : [MsSql]:Open
03:31:34 : NEWPOS_SCM 자료 생성 완료(135/169)
03:31:34 : [MsSql]:Open
03:31:34 : [MsSql]:Open
03:33:28 : [MsSql]:Open
03:33:38 : NEWPOS_SCM 자료 생성 완료(136/169)
03:33:38 : [MsSql]:Open
03:33:38 : [MsSql]:Open
03:35:32 : [MsSql]:Open
03:35:42 : NEWPOS_SCM 자료 생성 완료(137/169)
03:35:42 : [MsSql]:Open
03:35:42 : [MsSql]:Open
03:37:33 : [MsSql]:Open
03:37:42 : NEWPOS_SCM 자료 생성 완료(138/169)
03:37:42 : [MsSql]:Open
03:37:42 : [MsSql]:Open
03:39:35 : [MsSql]:Open
03:39:45 : NEWPOS_SCM 자료 생성 완료(139/169)
03:39:45 : [MsSql]:Open
03:39:45 : [MsSql]:Open
03:41:45 : [MsSql]:Open
03:41:54 : NEWPOS_SCM 자료 생성 완료(140/169)
03:41:54 : [MsSql]:Open
03:41:54 : [MsSql]:Open
03:44:01 : [MsSql]:Open
03:44:11 : NEWPOS_SCM 자료 생성 완료(141/169)
03:44:11 : [MsSql]:Open
03:44:11 : [MsSql]:Open
03:46:14 : [MsSql]:Open
03:46:24 : NEWPOS_SCM 자료 생성 완료(142/169)
03:46:24 : [MsSql]:Open
03:46:24 : [MsSql]:Open
03:48:34 : [MsSql]:Open
03:48:44 : NEWPOS_SCM 자료 생성 완료(143/169)
03:48:44 : [MsSql]:Open
03:48:44 : [MsSql]:Open
03:50:32 : [MsSql]:Open
03:50:41 : NEWPOS_SCM 자료 생성 완료(144/169)
03:50:41 : [MsSql]:Open
03:50:41 : [MsSql]:Open
03:52:37 : [MsSql]:Open
03:52:47 : NEWPOS_SCM 자료 생성 완료(145/169)
03:52:47 : [MsSql]:Open
03:52:47 : [MsSql]:Open
03:54:53 : [MsSql]:Open
03:55:03 : NEWPOS_SCM 자료 생성 완료(146/169)
03:55:03 : [MsSql]:Open
03:55:03 : [MsSql]:Open
03:56:49 : [MsSql]:Open
03:56:59 : NEWPOS_SCM 자료 생성 완료(147/169)
03:56:59 : [MsSql]:Open
03:56:59 : [MsSql]:Open
03:58:50 : [MsSql]:Open
03:59:00 : NEWPOS_SCM 자료 생성 완료(148/169)
03:59:00 : [MsSql]:Open
03:59:00 : [MsSql]:Open
04:00:54 : [MsSql]:Open
04:01:04 : NEWPOS_SCM 자료 생성 완료(149/169)
04:01:04 : [MsSql]:Open
04:01:04 : [MsSql]:Open
04:03:00 : [MsSql]:Open
04:03:10 : NEWPOS_SCM 자료 생성 완료(150/169)
04:03:10 : [MsSql]:Open
04:03:10 : [MsSql]:Open
04:05:38 : [MsSql]:Open
04:05:48 : NEWPOS_SCM 자료 생성 완료(151/169)
04:05:48 : [MsSql]:Open
04:05:48 : [MsSql]:Open
04:09:05 : [MsSql]:Open
04:09:15 : NEWPOS_SCM 자료 생성 완료(152/169)
04:09:15 : [MsSql]:Open
04:09:15 : [MsSql]:Open
04:12:27 : [MsSql]:Open
04:12:36 : NEWPOS_SCM 자료 생성 완료(153/169)
04:12:36 : [MsSql]:Open
04:12:36 : [MsSql]:Open
04:15:39 : [MsSql]:Open
04:15:49 : NEWPOS_SCM 자료 생성 완료(154/169)
04:15:49 : [MsSql]:Open
04:15:49 : [MsSql]:Open
04:19:05 : [MsSql]:Open
04:19:14 : NEWPOS_SCM 자료 생성 완료(155/169)
04:19:14 : [MsSql]:Open
04:19:14 : [MsSql]:Open
04:22:19 : [MsSql]:Open
04:22:29 : NEWPOS_SCM 자료 생성 완료(156/169)
04:22:29 : [MsSql]:Open
04:22:29 : [MsSql]:Open
04:25:22 : [MsSql]:Open
04:25:32 : NEWPOS_SCM 자료 생성 완료(157/169)
04:25:32 : [MsSql]:Open
04:25:32 : [MsSql]:Open
04:28:18 : [MsSql]:Open
04:28:28 : NEWPOS_SCM 자료 생성 완료(158/169)
04:28:28 : [MsSql]:Open
04:28:28 : [MsSql]:Open
04:31:04 : [MsSql]:Open
04:31:13 : NEWPOS_SCM 자료 생성 완료(159/169)
04:31:13 : [MsSql]:Open
04:31:13 : [MsSql]:Open
04:33:56 : [MsSql]:Open
04:34:06 : NEWPOS_SCM 자료 생성 완료(160/169)
04:34:06 : [MsSql]:Open
04:34:06 : [MsSql]:Open
04:36:45 : [MsSql]:Open
04:36:54 : NEWPOS_SCM 자료 생성 완료(161/169)
04:36:54 : [MsSql]:Open
04:36:54 : [MsSql]:Open
04:39:36 : [MsSql]:Open
04:39:46 : NEWPOS_SCM 자료 생성 완료(162/169)
04:39:46 : [MsSql]:Open
04:39:46 : [MsSql]:Open
04:42:28 : [MsSql]:Open
04:42:38 : NEWPOS_SCM 자료 생성 완료(163/169)
04:42:38 : [MsSql]:Open
04:42:38 : [MsSql]:Open
04:45:27 : [MsSql]:Open
04:45:37 : NEWPOS_SCM 자료 생성 완료(164/169)
04:45:37 : [MsSql]:Open
04:45:37 : [MsSql]:Open
04:48:16 : [MsSql]:Open
04:48:25 : NEWPOS_SCM 자료 생성 완료(165/169)
04:48:25 : [MsSql]:Open
04:48:25 : [MsSql]:Open
04:51:11 : [MsSql]:Open
04:51:21 : NEWPOS_SCM 자료 생성 완료(166/169)
04:51:21 : [MsSql]:Open
04:51:21 : [MsSql]:Open
04:54:01 : [MsSql]:Open
04:54:11 : NEWPOS_SCM 자료 생성 완료(167/169)
04:54:11 : [MsSql]:Open
04:54:11 : [MsSql]:Open
04:56:56 : [MsSql]:Open
04:57:06 : NEWPOS_SCM 자료 생성 완료(168/169)
04:57:06 : [MsSql]:Open
04:57:06 : [MsSql]:Open
04:59:03 : [MsSql]:Open
04:59:12 : NEWPOS_SCM 자료 생성 완료(169/169)
04:59:12 : NEWPOS_SCM 자료 생성 완료(170/169)
04:59:12 : 날짜2019-09-10~2019-09-21
09:34:42 : [MsSql]:Open
09:34:42 : NEWPOS_SCM 기준데이터 생성 시작
09:35:38 : [MsSql]:Open
09:35:38 : NEWPOS_SCM 기준데이터 생성 시작
09:36:05 : NEWPOS_SCM 자료 생성 개수(7524485)
09:36:06 : [MsSql]:Open
09:36:06 : [MsSql]:Open
09:37:31 : [MsSql]:Open
09:37:43 : NEWPOS_SCM 자료 생성 완료(1/151)
09:37:43 : [MsSql]:Open
09:37:43 : [MsSql]:Open
09:39:18 : [MsSql]:Open
09:39:29 : NEWPOS_SCM 자료 생성 완료(2/151)
09:39:29 : [MsSql]:Open
09:39:29 : [MsSql]:Open
09:40:59 : [MsSql]:Open
09:41:09 : NEWPOS_SCM 자료 생성 완료(3/151)
09:41:09 : [MsSql]:Open
09:41:09 : [MsSql]:Open
09:42:36 : [MsSql]:Open
09:42:46 : NEWPOS_SCM 자료 생성 완료(4/151)
09:42:46 : [MsSql]:Open
09:42:46 : [MsSql]:Open
09:44:09 : [MsSql]:Open
09:44:19 : NEWPOS_SCM 자료 생성 완료(5/151)
09:44:19 : [MsSql]:Open
09:44:19 : [MsSql]:Open
09:45:54 : [MsSql]:Open
09:46:25 : NEWPOS_SCM 자료 생성 완료(6/151)
09:46:25 : [MsSql]:Open
09:46:25 : [MsSql]:Open
09:48:13 : [MsSql]:Open
09:48:23 : NEWPOS_SCM 자료 생성 완료(7/151)
09:48:23 : [MsSql]:Open
09:48:23 : [MsSql]:Open
09:49:51 : [MsSql]:Open
09:50:01 : NEWPOS_SCM 자료 생성 완료(8/151)
09:50:01 : [MsSql]:Open
09:50:01 : [MsSql]:Open
09:51:41 : [MsSql]:Open
09:51:52 : NEWPOS_SCM 자료 생성 완료(9/151)
09:51:52 : [MsSql]:Open
09:51:52 : [MsSql]:Open
09:53:21 : [MsSql]:Open
09:53:31 : NEWPOS_SCM 자료 생성 완료(10/151)
09:53:31 : [MsSql]:Open
09:53:32 : [MsSql]:Open
09:54:58 : [MsSql]:Open
09:55:08 : NEWPOS_SCM 자료 생성 완료(11/151)
09:55:08 : [MsSql]:Open
09:55:08 : [MsSql]:Open
09:56:46 : [MsSql]:Open
09:56:56 : NEWPOS_SCM 자료 생성 완료(12/151)
09:56:56 : [MsSql]:Open
09:56:56 : [MsSql]:Open
09:58:36 : [MsSql]:Open
09:58:45 : NEWPOS_SCM 자료 생성 완료(13/151)
09:58:45 : [MsSql]:Open
09:58:45 : [MsSql]:Open
10:00:16 : [MsSql]:Open
10:00:25 : NEWPOS_SCM 자료 생성 완료(14/151)
10:00:25 : [MsSql]:Open
10:00:25 : [MsSql]:Open
10:01:57 : [MsSql]:Open
10:02:07 : NEWPOS_SCM 자료 생성 완료(15/151)
10:02:07 : [MsSql]:Open
10:02:07 : [MsSql]:Open
10:03:32 : [MsSql]:Open
10:03:43 : NEWPOS_SCM 자료 생성 완료(16/151)
10:03:43 : [MsSql]:Open
10:03:43 : [MsSql]:Open
10:05:21 : [MsSql]:Open
10:05:31 : NEWPOS_SCM 자료 생성 완료(17/151)
10:05:31 : [MsSql]:Open
10:05:31 : [MsSql]:Open
10:06:58 : [MsSql]:Open
10:07:08 : NEWPOS_SCM 자료 생성 완료(18/151)
10:07:08 : [MsSql]:Open
10:07:08 : [MsSql]:Open
10:08:40 : [MsSql]:Open
10:08:49 : NEWPOS_SCM 자료 생성 완료(19/151)
10:08:49 : [MsSql]:Open
10:08:49 : [MsSql]:Open
10:10:18 : [MsSql]:Open
10:10:29 : NEWPOS_SCM 자료 생성 완료(20/151)
10:10:29 : [MsSql]:Open
10:10:29 : [MsSql]:Open
10:12:04 : [MsSql]:Open
10:12:13 : NEWPOS_SCM 자료 생성 완료(21/151)
10:12:13 : [MsSql]:Open
10:12:13 : [MsSql]:Open
10:13:47 : [MsSql]:Open
10:13:57 : NEWPOS_SCM 자료 생성 완료(22/151)
10:13:57 : [MsSql]:Open
10:13:57 : [MsSql]:Open
10:15:29 : [MsSql]:Open
10:15:38 : NEWPOS_SCM 자료 생성 완료(23/151)
10:15:38 : [MsSql]:Open
10:15:38 : [MsSql]:Open
10:17:08 : [MsSql]:Open
10:17:18 : NEWPOS_SCM 자료 생성 완료(24/151)
10:17:18 : [MsSql]:Open
10:17:18 : [MsSql]:Open
10:18:56 : [MsSql]:Open
10:19:05 : NEWPOS_SCM 자료 생성 완료(25/151)
10:19:05 : [MsSql]:Open
10:19:05 : [MsSql]:Open
10:20:44 : [MsSql]:Open
10:20:53 : NEWPOS_SCM 자료 생성 완료(26/151)
10:20:54 : [MsSql]:Open
10:20:54 : [MsSql]:Open
10:22:34 : [MsSql]:Open
10:22:44 : NEWPOS_SCM 자료 생성 완료(27/151)
10:22:44 : [MsSql]:Open
10:22:44 : [MsSql]:Open
10:24:28 : [MsSql]:Open
10:24:38 : NEWPOS_SCM 자료 생성 완료(28/151)
10:24:38 : [MsSql]:Open
10:24:38 : [MsSql]:Open
10:26:25 : [MsSql]:Open
10:26:35 : NEWPOS_SCM 자료 생성 완료(29/151)
10:26:35 : [MsSql]:Open
10:26:35 : [MsSql]:Open
10:28:20 : [MsSql]:Open
10:28:30 : NEWPOS_SCM 자료 생성 완료(30/151)
10:28:30 : [MsSql]:Open
10:28:30 : [MsSql]:Open
10:30:19 : [MsSql]:Open
10:30:29 : NEWPOS_SCM 자료 생성 완료(31/151)
10:30:29 : [MsSql]:Open
10:30:29 : [MsSql]:Open
10:32:08 : [MsSql]:Open
10:32:19 : NEWPOS_SCM 자료 생성 완료(32/151)
10:32:19 : [MsSql]:Open
10:32:19 : [MsSql]:Open
10:34:09 : [MsSql]:Open
10:34:20 : NEWPOS_SCM 자료 생성 완료(33/151)
10:34:20 : [MsSql]:Open
10:34:20 : [MsSql]:Open
10:36:09 : [MsSql]:Open
10:36:19 : NEWPOS_SCM 자료 생성 완료(34/151)
10:36:19 : [MsSql]:Open
10:36:19 : [MsSql]:Open
10:38:11 : [MsSql]:Open
10:38:21 : NEWPOS_SCM 자료 생성 완료(35/151)
10:38:21 : [MsSql]:Open
10:38:21 : [MsSql]:Open
10:40:09 : [MsSql]:Open
10:40:19 : NEWPOS_SCM 자료 생성 완료(36/151)
10:40:19 : [MsSql]:Open
10:40:19 : [MsSql]:Open
10:42:15 : [MsSql]:Open
10:42:25 : NEWPOS_SCM 자료 생성 완료(37/151)
10:42:25 : [MsSql]:Open
10:42:25 : [MsSql]:Open
10:44:11 : [MsSql]:Open
10:44:20 : NEWPOS_SCM 자료 생성 완료(38/151)
10:44:20 : [MsSql]:Open
10:44:20 : [MsSql]:Open
10:46:06 : [MsSql]:Open
10:46:16 : NEWPOS_SCM 자료 생성 완료(39/151)
10:46:16 : [MsSql]:Open
10:46:16 : [MsSql]:Open
10:48:06 : [MsSql]:Open
10:48:17 : NEWPOS_SCM 자료 생성 완료(40/151)
10:48:17 : [MsSql]:Open
10:48:17 : [MsSql]:Open
10:50:06 : [MsSql]:Open
10:50:17 : NEWPOS_SCM 자료 생성 완료(41/151)
10:50:17 : [MsSql]:Open
10:50:17 : [MsSql]:Open
10:52:01 : [MsSql]:Open
10:52:11 : NEWPOS_SCM 자료 생성 완료(42/151)
10:52:11 : [MsSql]:Open
10:52:11 : [MsSql]:Open
10:53:57 : [MsSql]:Open
10:54:07 : NEWPOS_SCM 자료 생성 완료(43/151)
10:54:07 : [MsSql]:Open
10:54:07 : [MsSql]:Open
10:55:51 : [MsSql]:Open
10:56:01 : NEWPOS_SCM 자료 생성 완료(44/151)
10:56:01 : [MsSql]:Open
10:56:01 : [MsSql]:Open
10:58:02 : [MsSql]:Open
10:58:12 : NEWPOS_SCM 자료 생성 완료(45/151)
10:58:12 : [MsSql]:Open
10:58:13 : [MsSql]:Open
11:00:06 : [MsSql]:Open
11:00:16 : NEWPOS_SCM 자료 생성 완료(46/151)
11:00:16 : [MsSql]:Open
11:00:16 : [MsSql]:Open
11:02:39 : [MsSql]:Open
11:02:49 : NEWPOS_SCM 자료 생성 완료(47/151)
11:02:49 : [MsSql]:Open
11:02:49 : [MsSql]:Open
11:05:30 : [MsSql]:Open
11:05:40 : NEWPOS_SCM 자료 생성 완료(48/151)
11:05:40 : [MsSql]:Open
11:05:40 : [MsSql]:Open
11:08:14 : [MsSql]:Open
11:08:24 : NEWPOS_SCM 자료 생성 완료(49/151)
11:08:24 : [MsSql]:Open
11:08:24 : [MsSql]:Open
11:11:02 : [MsSql]:Open
11:11:11 : NEWPOS_SCM 자료 생성 완료(50/151)
11:11:11 : [MsSql]:Open
11:11:11 : [MsSql]:Open
11:14:09 : [MsSql]:Open
11:14:18 : NEWPOS_SCM 자료 생성 완료(51/151)
11:14:18 : [MsSql]:Open
11:14:18 : [MsSql]:Open
11:17:08 : [MsSql]:Open
11:17:18 : NEWPOS_SCM 자료 생성 완료(52/151)
11:17:18 : [MsSql]:Open
11:17:18 : [MsSql]:Open
11:19:53 : [MsSql]:Open
11:20:03 : NEWPOS_SCM 자료 생성 완료(53/151)
11:20:03 : [MsSql]:Open
11:20:03 : [MsSql]:Open
11:22:45 : [MsSql]:Open
11:22:55 : NEWPOS_SCM 자료 생성 완료(54/151)
11:22:55 : [MsSql]:Open
11:22:55 : [MsSql]:Open
11:25:30 : [MsSql]:Open
11:25:39 : NEWPOS_SCM 자료 생성 완료(55/151)
11:25:39 : [MsSql]:Open
11:25:39 : [MsSql]:Open
11:28:18 : [MsSql]:Open
11:28:28 : NEWPOS_SCM 자료 생성 완료(56/151)
11:28:28 : [MsSql]:Open
11:28:28 : [MsSql]:Open
11:31:01 : [MsSql]:Open
11:31:11 : NEWPOS_SCM 자료 생성 완료(57/151)
11:31:11 : [MsSql]:Open
11:31:11 : [MsSql]:Open
11:33:40 : [MsSql]:Open
11:33:50 : NEWPOS_SCM 자료 생성 완료(58/151)
11:33:50 : [MsSql]:Open
11:33:50 : [MsSql]:Open
11:36:16 : [MsSql]:Open
11:36:26 : NEWPOS_SCM 자료 생성 완료(59/151)
11:36:26 : [MsSql]:Open
11:36:26 : [MsSql]:Open
11:38:55 : [MsSql]:Open
11:39:04 : NEWPOS_SCM 자료 생성 완료(60/151)
11:39:04 : [MsSql]:Open
11:39:04 : [MsSql]:Open
11:41:20 : [MsSql]:Open
11:41:29 : NEWPOS_SCM 자료 생성 완료(61/151)
11:41:29 : [MsSql]:Open
11:41:30 : [MsSql]:Open
11:44:01 : [MsSql]:Open
11:44:11 : NEWPOS_SCM 자료 생성 완료(62/151)
11:44:11 : [MsSql]:Open
11:44:11 : [MsSql]:Open
11:46:22 : [MsSql]:Open
11:46:32 : NEWPOS_SCM 자료 생성 완료(63/151)
11:46:32 : [MsSql]:Open
11:46:32 : [MsSql]:Open
11:48:44 : [MsSql]:Open
11:48:54 : NEWPOS_SCM 자료 생성 완료(64/151)
11:48:54 : [MsSql]:Open
11:48:54 : [MsSql]:Open
11:51:20 : [MsSql]:Open
11:51:30 : NEWPOS_SCM 자료 생성 완료(65/151)
11:51:30 : [MsSql]:Open
11:51:30 : [MsSql]:Open
11:53:46 : [MsSql]:Open
11:53:56 : NEWPOS_SCM 자료 생성 완료(66/151)
11:53:56 : [MsSql]:Open
11:53:56 : [MsSql]:Open
11:55:57 : [MsSql]:Open
11:56:07 : NEWPOS_SCM 자료 생성 완료(67/151)
11:56:07 : [MsSql]:Open
11:56:07 : [MsSql]:Open
11:58:13 : [MsSql]:Open
11:58:23 : NEWPOS_SCM 자료 생성 완료(68/151)
11:58:23 : [MsSql]:Open
11:58:23 : [MsSql]:Open
12:00:28 : [MsSql]:Open
12:00:38 : NEWPOS_SCM 자료 생성 완료(69/151)
12:00:38 : [MsSql]:Open
12:00:38 : [MsSql]:Open
12:02:34 : [MsSql]:Open
12:02:44 : NEWPOS_SCM 자료 생성 완료(70/151)
12:02:44 : [MsSql]:Open
12:02:44 : [MsSql]:Open
12:04:58 : [MsSql]:Open
12:05:08 : NEWPOS_SCM 자료 생성 완료(71/151)
12:05:08 : [MsSql]:Open
12:05:08 : [MsSql]:Open
12:07:14 : [MsSql]:Open
12:07:25 : NEWPOS_SCM 자료 생성 완료(72/151)
12:07:25 : [MsSql]:Open
12:07:25 : [MsSql]:Open
12:09:22 : [MsSql]:Open
12:09:31 : NEWPOS_SCM 자료 생성 완료(73/151)
12:09:31 : [MsSql]:Open
12:09:31 : [MsSql]:Open
12:11:31 : [MsSql]:Open
12:11:41 : NEWPOS_SCM 자료 생성 완료(74/151)
12:11:41 : [MsSql]:Open
12:11:41 : [MsSql]:Open
12:13:52 : [MsSql]:Open
12:14:02 : NEWPOS_SCM 자료 생성 완료(75/151)
12:14:02 : [MsSql]:Open
12:14:02 : [MsSql]:Open
12:16:15 : [MsSql]:Open
12:16:26 : NEWPOS_SCM 자료 생성 완료(76/151)
12:16:26 : [MsSql]:Open
12:16:26 : [MsSql]:Open
12:18:30 : [MsSql]:Open
12:18:40 : NEWPOS_SCM 자료 생성 완료(77/151)
12:18:40 : [MsSql]:Open
12:18:40 : [MsSql]:Open
12:20:49 : [MsSql]:Open
12:20:59 : NEWPOS_SCM 자료 생성 완료(78/151)
12:20:59 : [MsSql]:Open
12:20:59 : [MsSql]:Open
12:23:04 : [MsSql]:Open
12:23:14 : NEWPOS_SCM 자료 생성 완료(79/151)
12:23:14 : [MsSql]:Open
12:23:14 : [MsSql]:Open
12:25:14 : [MsSql]:Open
12:25:24 : NEWPOS_SCM 자료 생성 완료(80/151)
12:25:24 : [MsSql]:Open
12:25:24 : [MsSql]:Open
12:27:23 : [MsSql]:Open
12:27:32 : NEWPOS_SCM 자료 생성 완료(81/151)
12:27:32 : [MsSql]:Open
12:27:33 : [MsSql]:Open
12:29:36 : [MsSql]:Open
12:29:46 : NEWPOS_SCM 자료 생성 완료(82/151)
12:29:46 : [MsSql]:Open
12:29:46 : [MsSql]:Open
12:31:52 : [MsSql]:Open
12:32:02 : NEWPOS_SCM 자료 생성 완료(83/151)
12:32:02 : [MsSql]:Open
12:32:02 : [MsSql]:Open
12:33:54 : [MsSql]:Open
12:34:04 : NEWPOS_SCM 자료 생성 완료(84/151)
12:34:04 : [MsSql]:Open
12:34:04 : [MsSql]:Open
12:35:51 : [MsSql]:Open
12:36:01 : NEWPOS_SCM 자료 생성 완료(85/151)
12:36:01 : [MsSql]:Open
12:36:01 : [MsSql]:Open
12:37:48 : [MsSql]:Open
12:37:57 : NEWPOS_SCM 자료 생성 완료(86/151)
12:37:57 : [MsSql]:Open
12:37:57 : [MsSql]:Open
12:40:00 : [MsSql]:Open
12:40:11 : NEWPOS_SCM 자료 생성 완료(87/151)
12:40:11 : [MsSql]:Open
12:40:11 : [MsSql]:Open
12:42:20 : [MsSql]:Open
12:42:29 : NEWPOS_SCM 자료 생성 완료(88/151)
12:42:29 : [MsSql]:Open
12:42:29 : [MsSql]:Open
12:44:43 : [MsSql]:Open
12:44:53 : NEWPOS_SCM 자료 생성 완료(89/151)
12:44:53 : [MsSql]:Open
12:44:53 : [MsSql]:Open
12:47:01 : [MsSql]:Open
12:47:11 : NEWPOS_SCM 자료 생성 완료(90/151)
12:47:11 : [MsSql]:Open
12:47:11 : [MsSql]:Open
12:49:25 : [MsSql]:Open
12:49:35 : NEWPOS_SCM 자료 생성 완료(91/151)
12:49:35 : [MsSql]:Open
12:49:35 : [MsSql]:Open
12:51:45 : [MsSql]:Open
12:51:55 : NEWPOS_SCM 자료 생성 완료(92/151)
12:51:55 : [MsSql]:Open
12:51:55 : [MsSql]:Open
12:54:10 : [MsSql]:Open
12:54:20 : NEWPOS_SCM 자료 생성 완료(93/151)
12:54:20 : [MsSql]:Open
12:54:20 : [MsSql]:Open
12:56:34 : [MsSql]:Open
12:56:44 : NEWPOS_SCM 자료 생성 완료(94/151)
12:56:44 : [MsSql]:Open
12:56:44 : [MsSql]:Open
12:58:47 : [MsSql]:Open
12:58:57 : NEWPOS_SCM 자료 생성 완료(95/151)
12:58:57 : [MsSql]:Open
12:58:57 : [MsSql]:Open
13:01:03 : [MsSql]:Open
13:01:13 : NEWPOS_SCM 자료 생성 완료(96/151)
13:01:13 : [MsSql]:Open
13:01:13 : [MsSql]:Open
13:03:29 : [MsSql]:Open
13:03:39 : NEWPOS_SCM 자료 생성 완료(97/151)
13:03:39 : [MsSql]:Open
13:03:39 : [MsSql]:Open
13:05:39 : [MsSql]:Open
13:05:49 : NEWPOS_SCM 자료 생성 완료(98/151)
13:05:49 : [MsSql]:Open
13:05:49 : [MsSql]:Open
13:07:42 : [MsSql]:Open
13:07:51 : NEWPOS_SCM 자료 생성 완료(99/151)
13:07:51 : [MsSql]:Open
13:07:52 : [MsSql]:Open
13:09:52 : [MsSql]:Open
13:10:02 : NEWPOS_SCM 자료 생성 완료(100/151)
13:10:02 : [MsSql]:Open
13:10:02 : [MsSql]:Open
13:12:19 : [MsSql]:Open
13:12:29 : NEWPOS_SCM 자료 생성 완료(101/151)
13:12:29 : [MsSql]:Open
13:12:29 : [MsSql]:Open
13:14:23 : [MsSql]:Open
13:14:33 : NEWPOS_SCM 자료 생성 완료(102/151)
13:14:33 : [MsSql]:Open
13:14:33 : [MsSql]:Open
13:16:38 : [MsSql]:Open
13:16:48 : NEWPOS_SCM 자료 생성 완료(103/151)
13:16:48 : [MsSql]:Open
13:16:48 : [MsSql]:Open
13:19:05 : [MsSql]:Open
13:19:15 : NEWPOS_SCM 자료 생성 완료(104/151)
13:19:15 : [MsSql]:Open
13:19:15 : [MsSql]:Open
13:21:23 : [MsSql]:Open
13:21:32 : NEWPOS_SCM 자료 생성 완료(105/151)
13:21:32 : [MsSql]:Open
13:21:32 : [MsSql]:Open
13:23:38 : [MsSql]:Open
13:23:47 : NEWPOS_SCM 자료 생성 완료(106/151)
13:23:47 : [MsSql]:Open
13:23:47 : [MsSql]:Open
13:25:48 : [MsSql]:Open
13:25:57 : NEWPOS_SCM 자료 생성 완료(107/151)
13:25:57 : [MsSql]:Open
13:25:57 : [MsSql]:Open
13:28:14 : [MsSql]:Open
13:28:24 : NEWPOS_SCM 자료 생성 완료(108/151)
13:28:24 : [MsSql]:Open
13:28:24 : [MsSql]:Open
13:30:32 : [MsSql]:Open
13:30:42 : NEWPOS_SCM 자료 생성 완료(109/151)
13:30:42 : [MsSql]:Open
13:30:42 : [MsSql]:Open
13:33:03 : [MsSql]:Open
13:33:13 : NEWPOS_SCM 자료 생성 완료(110/151)
13:33:13 : [MsSql]:Open
13:33:13 : [MsSql]:Open
13:35:29 : [MsSql]:Open
13:35:39 : NEWPOS_SCM 자료 생성 완료(111/151)
13:35:39 : [MsSql]:Open
13:35:39 : [MsSql]:Open
13:37:46 : [MsSql]:Open
13:37:56 : NEWPOS_SCM 자료 생성 완료(112/151)
13:37:56 : [MsSql]:Open
13:37:56 : [MsSql]:Open
13:40:11 : [MsSql]:Open
13:40:21 : NEWPOS_SCM 자료 생성 완료(113/151)
13:40:21 : [MsSql]:Open
13:40:21 : [MsSql]:Open
13:42:26 : [MsSql]:Open
13:42:35 : NEWPOS_SCM 자료 생성 완료(114/151)
13:42:35 : [MsSql]:Open
13:42:35 : [MsSql]:Open
13:44:42 : [MsSql]:Open
13:44:52 : NEWPOS_SCM 자료 생성 완료(115/151)
13:44:52 : [MsSql]:Open
13:44:52 : [MsSql]:Open
13:46:57 : [MsSql]:Open
13:47:07 : NEWPOS_SCM 자료 생성 완료(116/151)
13:47:07 : [MsSql]:Open
13:47:07 : [MsSql]:Open
13:49:19 : [MsSql]:Open
13:49:28 : NEWPOS_SCM 자료 생성 완료(117/151)
13:49:28 : [MsSql]:Open
13:49:28 : [MsSql]:Open
13:51:44 : [MsSql]:Open
13:51:54 : NEWPOS_SCM 자료 생성 완료(118/151)
13:51:54 : [MsSql]:Open
13:51:54 : [MsSql]:Open
13:53:55 : [MsSql]:Open
13:54:06 : NEWPOS_SCM 자료 생성 완료(119/151)
13:54:06 : [MsSql]:Open
13:54:06 : [MsSql]:Open
13:56:08 : [MsSql]:Open
13:56:18 : NEWPOS_SCM 자료 생성 완료(120/151)
13:56:18 : [MsSql]:Open
13:56:18 : [MsSql]:Open
13:58:37 : [MsSql]:Open
13:58:47 : NEWPOS_SCM 자료 생성 완료(121/151)
13:58:47 : [MsSql]:Open
13:58:47 : [MsSql]:Open
14:01:10 : [MsSql]:Open
14:01:20 : NEWPOS_SCM 자료 생성 완료(122/151)
14:01:20 : [MsSql]:Open
14:01:20 : [MsSql]:Open
14:03:29 : [MsSql]:Open
14:03:39 : NEWPOS_SCM 자료 생성 완료(123/151)
14:03:39 : [MsSql]:Open
14:03:39 : [MsSql]:Open
14:05:47 : [MsSql]:Open
14:05:58 : NEWPOS_SCM 자료 생성 완료(124/151)
14:05:58 : [MsSql]:Open
14:05:58 : [MsSql]:Open
14:08:16 : [MsSql]:Open
14:08:26 : NEWPOS_SCM 자료 생성 완료(125/151)
14:08:26 : [MsSql]:Open
14:08:26 : [MsSql]:Open
14:10:40 : [MsSql]:Open
14:10:50 : NEWPOS_SCM 자료 생성 완료(126/151)
14:10:50 : [MsSql]:Open
14:10:50 : [MsSql]:Open
14:13:05 : [MsSql]:Open
14:13:15 : NEWPOS_SCM 자료 생성 완료(127/151)
14:13:15 : [MsSql]:Open
14:13:15 : [MsSql]:Open
14:15:28 : [MsSql]:Open
14:15:38 : NEWPOS_SCM 자료 생성 완료(128/151)
14:15:38 : [MsSql]:Open
14:15:38 : [MsSql]:Open
14:17:50 : [MsSql]:Open
14:18:00 : NEWPOS_SCM 자료 생성 완료(129/151)
14:18:00 : [MsSql]:Open
14:18:00 : [MsSql]:Open
14:20:07 : [MsSql]:Open
14:20:16 : NEWPOS_SCM 자료 생성 완료(130/151)
14:20:16 : [MsSql]:Open
14:20:16 : [MsSql]:Open
14:22:43 : [MsSql]:Open
14:22:53 : NEWPOS_SCM 자료 생성 완료(131/151)
14:22:53 : [MsSql]:Open
14:22:53 : [MsSql]:Open
14:25:12 : [MsSql]:Open
14:25:22 : NEWPOS_SCM 자료 생성 완료(132/151)
14:25:22 : [MsSql]:Open
14:25:22 : [MsSql]:Open
14:27:40 : [MsSql]:Open
14:27:50 : NEWPOS_SCM 자료 생성 완료(133/151)
14:27:50 : [MsSql]:Open
14:27:50 : [MsSql]:Open
14:30:07 : [MsSql]:Open
14:30:17 : NEWPOS_SCM 자료 생성 완료(134/151)
14:30:17 : [MsSql]:Open
14:30:17 : [MsSql]:Open
14:32:39 : [MsSql]:Open
14:32:48 : NEWPOS_SCM 자료 생성 완료(135/151)
14:32:48 : [MsSql]:Open
14:32:48 : [MsSql]:Open
14:35:06 : [MsSql]:Open
14:35:16 : NEWPOS_SCM 자료 생성 완료(136/151)
14:35:16 : [MsSql]:Open
14:35:16 : [MsSql]:Open
14:37:36 : [MsSql]:Open
14:37:46 : NEWPOS_SCM 자료 생성 완료(137/151)
14:37:46 : [MsSql]:Open
14:37:46 : [MsSql]:Open
14:40:11 : [MsSql]:Open
14:40:21 : NEWPOS_SCM 자료 생성 완료(138/151)
14:40:21 : [MsSql]:Open
14:40:21 : [MsSql]:Open
14:42:35 : [MsSql]:Open
14:42:45 : NEWPOS_SCM 자료 생성 완료(139/151)
14:42:45 : [MsSql]:Open
14:42:45 : [MsSql]:Open
14:45:09 : [MsSql]:Open
14:45:19 : NEWPOS_SCM 자료 생성 완료(140/151)
14:45:19 : [MsSql]:Open
14:45:19 : [MsSql]:Open
14:47:45 : [MsSql]:Open
14:47:54 : NEWPOS_SCM 자료 생성 완료(141/151)
14:47:54 : [MsSql]:Open
14:47:54 : [MsSql]:Open
14:50:10 : [MsSql]:Open
14:50:20 : NEWPOS_SCM 자료 생성 완료(142/151)
14:50:20 : [MsSql]:Open
14:50:20 : [MsSql]:Open
14:52:43 : [MsSql]:Open
14:52:53 : NEWPOS_SCM 자료 생성 완료(143/151)
14:52:53 : [MsSql]:Open
14:52:53 : [MsSql]:Open
14:55:31 : [MsSql]:Open
14:55:41 : NEWPOS_SCM 자료 생성 완료(144/151)
14:55:41 : [MsSql]:Open
14:55:41 : [MsSql]:Open
14:58:28 : [MsSql]:Open
14:58:38 : NEWPOS_SCM 자료 생성 완료(145/151)
14:58:38 : [MsSql]:Open
14:58:38 : [MsSql]:Open
15:01:00 : [MsSql]:Open
15:01:09 : NEWPOS_SCM 자료 생성 완료(146/151)
15:01:09 : [MsSql]:Open
15:01:09 : [MsSql]:Open
15:03:40 : [MsSql]:Open
15:03:50 : NEWPOS_SCM 자료 생성 완료(147/151)
15:03:50 : [MsSql]:Open
15:03:50 : [MsSql]:Open
15:06:25 : [MsSql]:Open
15:06:35 : NEWPOS_SCM 자료 생성 완료(148/151)
15:06:35 : [MsSql]:Open
15:06:35 : [MsSql]:Open
15:08:53 : [MsSql]:Open
15:09:03 : NEWPOS_SCM 자료 생성 완료(149/151)
15:09:03 : [MsSql]:Open
15:09:03 : [MsSql]:Open
15:11:41 : [MsSql]:Open
15:11:50 : NEWPOS_SCM 자료 생성 완료(150/151)
15:11:50 : [MsSql]:Open
15:11:50 : [MsSql]:Open
15:14:21 : [MsSql]:Open
15:14:26 : NEWPOS_SCM 자료 생성 완료(151/151)
15:14:26 : NEWPOS_SCM 자료 생성 완료(152/151)
15:14:26 : 날짜2019-09-22~2019-09-30
