14:37:59 : Index #0 || Message: 사용자 'user_kms'이(가) 로그인하지 못했습니다. || LineNumber: 65536 || Source: .Net SqlClient Data Provider || Procedure: ;
14:38:35 : Index #0 || Message: 사용자 'user_kms'이(가) 로그인하지 못했습니다. || LineNumber: 65536 || Source: .Net SqlClient Data Provider || Procedure: ;
15:44:19 : [정가 판매 표준 편차 pos_store_stock]:개체 'usp_preset_safe_stdevp', 데이터베이스 'WEBDB', 스키마 'dbo'에 대한 EXECUTE 권한이 거부되었습니다.
15:47:31 : [정가 판매 표준 편차 pos_store_stock]:PRIMARY KEY 제약 조건 'PK_safe_stdevp_total'을(를) 위반했습니다. 개체 'dbo.preset_safe_stdevp_total'에 중복 키를 삽입할 수 없습니다. 중복 키 값은 (3001, 389)입니다.
문이 종료되었습니다.
15:51:33 : [정가 판매 표준 편차 pos_store_stock]:  exec usp_preset_safe_stdevp   '8000003001' ,'389'  
15:51:44 : [정가 판매 표준 편차 pos_store_stock]:  exec usp_preset_safe_stdevp   '8000003001' ,'465'  
15:51:56 : [정가 판매 표준 편차 pos_store_stock]:  exec usp_preset_safe_stdevp   '8000003001' ,'492'  
15:52:08 : [정가 판매 표준 편차 pos_store_stock]:  exec usp_preset_safe_stdevp   '8000003001' ,'497'  
15:52:17 : [정가 판매 표준 편차 pos_store_stock]:  exec usp_preset_safe_stdevp   '8000003001' ,'584'  
15:52:27 : [정가 판매 표준 편차 pos_store_stock]:  exec usp_preset_safe_stdevp   '8000003001' ,'595'  
15:52:37 : [정가 판매 표준 편차 pos_store_stock]:  exec usp_preset_safe_stdevp   '8000003001' ,'596'  
15:52:49 : [정가 판매 표준 편차 pos_store_stock]:  exec usp_preset_safe_stdevp   '8000003001' ,'597'  
15:53:01 : [정가 판매 표준 편차 pos_store_stock]:  exec usp_preset_safe_stdevp   '8000003001' ,'598'  
16:24:24 : PPM 정가판매 데이터 생성 시작
16:24:35 : PPM 정가판매 데이터  생성 완료
16:25:42 : PPM 정가판매 데이터 생성 시작
16:25:56 : PPM 정가판매 데이터  생성 완료
16:27:44 : PPM 정가판매 데이터 생성 시작
16:27:54 : PPM 정가판매 데이터  생성 완료
16:28:22 : PPM 정가판매 데이터 생성 시작
16:30:51 : PPM 정가판매 데이터 생성 시작
16:35:55 : PPM 정가판매 데이터  생성 완료
16:56:08 : PPM 정가판매 데이터 생성 시작
17:06:58 : PPM 정가판매 데이터  생성 완료
17:07:54 : PPM 정가판매 데이터 생성 시작
17:18:48 : PPM 정가판매 데이터  생성 완료
17:19:33 : PPM 정가판매 데이터 생성 시작
17:28:16 : PPM 정가판매 데이터  생성 완료
17:30:27 : PPM 정가판매 데이터 생성 시작
17:41:36 : PPM 정가판매 데이터  생성 완료
17:43:49 : PPM 정가판매 데이터 생성 시작
17:49:07 : PPM 정가판매 데이터  생성 완료
17:49:52 : PPM 정가판매 데이터 생성 시작
17:54:22 : PPM 정가판매 데이터  생성 완료
17:56:13 : PPM 정가판매 데이터 생성 시작
18:01:33 : PPM 정가판매 데이터  생성 완료
