09:55:12 : [대상물품추출2_v3(fn_get_preset_data)]오류:execute command denied to user 'pos'@'192.168.1.122' for routine 'coopbase.usp_scm001_20180427'
14:58:30 : [MsSql]:Open
14:58:30 : PPM 정가판매 데이터 생성 시작
14:58:33 : PPM 정가판매 데이터  생성 완료
14:58:33 : [MsSql 정가판매량 ]:Closed
14:59:38 : [MsSql]:Open
14:59:38 : PPM 정가판매 데이터 생성 시작
15:04:13 : PPM 정가판매 데이터  생성 완료
15:04:13 : [MsSql 정가판매량 ]:Closed
15:07:57 : [MsSql]:Open
15:07:57 : PPM 정가판매 데이터 생성 시작
15:11:00 : PPM 정가판매 데이터  생성 완료
15:11:00 : [MsSql 정가판매량 ]:Closed
15:11:08 : [MsSql]:Open
15:11:08 : PPM 정가판매 데이터 생성 시작
15:16:47 : PPM 정가판매 데이터  생성 완료
15:16:47 : [MsSql 정가판매량 ]:Closed
15:17:16 : [MsSql]:Open
15:17:16 : PPM 정가판매 데이터 생성 시작
15:21:57 : PPM 정가판매 데이터  생성 완료
15:21:57 : [MsSql 정가판매량 ]:Closed
15:22:14 : [MsSql]:Open
15:22:14 : PPM 정가판매 데이터 생성 시작
15:27:14 : PPM 정가판매 데이터  생성 완료
15:27:14 : [MsSql 정가판매량 ]:Closed
17:21:28 : [MsSql]:Open
17:21:28 : PPM 정가판매 데이터 생성 시작
17:24:10 : PPM 정가판매 데이터  생성 완료
17:24:10 : [MsSql 정가판매량 ]:Closed
