14:29:57 : [MsSql]:Open
14:30:21 : A01일:51화:50수:49목:50금:51토:50일:50
14:30:21 : 제외수량:17
14:30:21 : 제외 일:2화:2수:0목:1금:0토:0일:1
14:30:21 : 제외한 정가판매 일:417화:329수:323목:317금:304토:317일:367
14:30:24 : 1제외한 영업일:49정가판매 수량 417
14:30:24 : 정가판매수량/영업일수:8.51020408163265
14:30:24 : 배열에 입력된 갯수:49
14:30:24 : 2제외한 영업일:48정가판매 수량 417
14:30:24 : 정가판매수량/영업일수:6.85416666666667
14:30:24 : 배열에 입력된 갯수:48
14:30:24 : 3제외한 영업일:49정가판매 수량 417
14:30:24 : 정가판매수량/영업일수:6.59183673469388
14:30:24 : 배열에 입력된 갯수:49
14:30:24 : 4제외한 영업일:49정가판매 수량 417
14:30:24 : 정가판매수량/영업일수:6.46938775510204
14:30:24 : 배열에 입력된 갯수:49
14:30:24 : 5제외한 영업일:51정가판매 수량 417
14:30:24 : 정가판매수량/영업일수:5.96078431372549
14:30:24 : 배열에 입력된 갯수:51
14:30:24 : 6제외한 영업일:50정가판매 수량 417
14:30:24 : 정가판매수량/영업일수:6.34
14:30:24 : 배열에 입력된 갯수:50
14:30:24 : 7제외한 영업일:49정가판매 수량 417
14:30:24 : 정가판매수량/영업일수:7.48979591836735
14:30:24 : 배열에 입력된 갯수:49
14:30:26 : 표준편차 일:3.72화:3.51수:3.67목:2.81금:3.09토:3.91일:3.02
14:34:31 : [MsSql]:Open
14:34:31 : A01일:51화:50수:49목:50금:51토:50일:50
14:34:31 : 제외수량:17
14:34:31 : 제외 일:2화:2수:0목:1금:0토:0일:1
14:34:31 : 제외한 정가판매 일:417화:329수:323목:317금:304토:317일:367
14:34:31 : 1제외한 영업일:49정가판매 수량 417
14:34:31 : 정가판매수량/영업일수:8.51020408163265
14:34:31 : 배열에 입력된 갯수:49
14:34:31 : 2제외한 영업일:48정가판매 수량 417
14:34:31 : 정가판매수량/영업일수:6.85416666666667
14:34:31 : 배열에 입력된 갯수:48
14:34:32 : 3제외한 영업일:49정가판매 수량 417
14:34:32 : 정가판매수량/영업일수:6.59183673469388
14:34:32 : 배열에 입력된 갯수:49
14:34:32 : 4제외한 영업일:49정가판매 수량 417
14:34:32 : 정가판매수량/영업일수:6.46938775510204
14:34:32 : 배열에 입력된 갯수:49
14:34:32 : 5제외한 영업일:51정가판매 수량 417
14:34:32 : 정가판매수량/영업일수:5.96078431372549
14:34:32 : 배열에 입력된 갯수:51
14:34:32 : 6제외한 영업일:50정가판매 수량 417
14:34:32 : 정가판매수량/영업일수:6.34
14:34:32 : 배열에 입력된 갯수:50
14:34:32 : 7제외한 영업일:49정가판매 수량 417
14:34:32 : 정가판매수량/영업일수:7.48979591836735
14:34:32 : 배열에 입력된 갯수:49
14:34:32 : [in_other_log] 쿼리[insert into preset_safe_weekday (storeno,ppmidx,sun_safe,mon_safe,tue_safe,wed_safe,thu_safe,fir_safe,sat_safe,gubun)  values ('6012' ,'7852' ,3.72,3.51,3.67,2.81,3.09,3.91,3.02,'Y')] : 
14:34:32 : [3-2차 요일별 판매 표준 편차 완료]
14:43:41 : [MsSql]:Open
15:03:49 : [MsSql]:Open
15:08:10 : [MsSql]:Open
15:09:04 : [3-2차 요일별 판매 표준 편차 pos_product_date]:PRIMARY KEY 제약 조건 'PK_preset_safe_weekday'을(를) 위반했습니다. 개체 'dbo.preset_safe_weekday'에 중복 키를 삽입할 수 없습니다. 중복 키 값은 (3001, 10139)입니다.
문이 종료되었습니다.
15:09:21 : [MsSql]:Open
15:12:09 : [MsSql]:Open
20:19:32 : [3-2차 요일별 판매 표준 편차 완료]
20:19:32 : [MsSql]:Open
20:19:32 : [MsSql]:Open
20:20:21 : 매월1일 ABC 누적 데이터 생성 완료
20:20:21 : [MsSql]:Open
20:20:27 : [2차 정가판매수량 특이값 제외 완료]
20:20:27 : [MsSql]:Open
