11:00:58 : MySql.Data.MySqlClient.MySqlException (0x80004005): Access denied for user 'kowm'@'121.67.133.131' (using password: YES)
   위치: MySql.Data.MySqlClient.MySqlStream.ReadPacket()
   위치: MySql.Data.MySqlClient.NativeDriver.AuthenticateNew()
   위치: MySql.Data.MySqlClient.NativeDriver.Authenticate()
   위치: MySql.Data.MySqlClient.NativeDriver.Open()
   위치: MySql.Data.MySqlClient.Driver.Open()
   위치: MySql.Data.MySqlClient.Driver.Create(MySqlConnectionStringBuilder settings)
   위치: MySql.Data.MySqlClient.MySqlPool.GetPooledConnection()
   위치: MySql.Data.MySqlClient.MySqlPool.TryToGetDriver()
   위치: MySql.Data.MySqlClient.MySqlPool.GetConnection()
   위치: MySql.Data.MySqlClient.MySqlConnection.Open()
   위치: SCM_Auto_baju.DbConnection_My.MygetRemoteDbConnection(String str) 파일 D:\SCM_V2_프로그램\SCM_Auto_baju\DbConnection_My.cs:줄 37
11:00:58 : [MySql_124]:Closed
11:00:58 : MySql.Data.MySqlClient.MySqlException (0x80004005): Access denied for user 'kowm'@'121.67.133.131' (using password: YES)
   위치: MySql.Data.MySqlClient.MySqlStream.ReadPacket()
   위치: MySql.Data.MySqlClient.NativeDriver.AuthenticateNew()
   위치: MySql.Data.MySqlClient.NativeDriver.Authenticate()
   위치: MySql.Data.MySqlClient.NativeDriver.Open()
   위치: MySql.Data.MySqlClient.Driver.Open()
   위치: MySql.Data.MySqlClient.Driver.Create(MySqlConnectionStringBuilder settings)
   위치: MySql.Data.MySqlClient.MySqlPool.GetPooledConnection()
   위치: MySql.Data.MySqlClient.MySqlPool.TryToGetDriver()
   위치: MySql.Data.MySqlClient.MySqlPool.GetConnection()
   위치: MySql.Data.MySqlClient.MySqlConnection.Open()
   위치: SCM_Auto_baju.DbConnection_My.MygetRemoteDbConnection(String str) 파일 D:\SCM_V2_프로그램\SCM_Auto_baju\DbConnection_My.cs:줄 37
11:00:58 : [MySql_164]:Closed
11:00:58 : MySql.Data.MySqlClient.MySqlException (0x80004005): Access denied for user 'kowm'@'121.67.133.131' (using password: YES)
   위치: MySql.Data.MySqlClient.MySqlStream.ReadPacket()
   위치: MySql.Data.MySqlClient.NativeDriver.AuthenticateNew()
   위치: MySql.Data.MySqlClient.NativeDriver.Authenticate()
   위치: MySql.Data.MySqlClient.NativeDriver.Open()
   위치: MySql.Data.MySqlClient.Driver.Open()
   위치: MySql.Data.MySqlClient.Driver.Create(MySqlConnectionStringBuilder settings)
   위치: MySql.Data.MySqlClient.MySqlPool.GetPooledConnection()
   위치: MySql.Data.MySqlClient.MySqlPool.TryToGetDriver()
   위치: MySql.Data.MySqlClient.MySqlPool.GetConnection()
   위치: MySql.Data.MySqlClient.MySqlConnection.Open()
   위치: SCM_Auto_baju.DbConnection_My.MygetRemoteDbConnection(String str) 파일 D:\SCM_V2_프로그램\SCM_Auto_baju\DbConnection_My.cs:줄 37
11:00:58 : [MySql_18]:Closed
