09:06:33 : [MsSql]:Open
09:19:12 : [MsSql]:Open
11:58:20 : [1차 정가 판매 표준 편차 완료]
11:58:20 : [MsSql]:Open
11:58:24 : [2차 정가판매수량 특이값 제외 완료]
11:58:24 : [MsSql]:Open
12:01:40 : [3-1차 2차 판매 표준 편차]:'∞' 근처의 구문이 잘못되었습니다.
12:01:40 : 3-1차 2차  표준 편차쿼리: UPDATE preset_safe_stdevp_total SET stdevp_3 = ∞  , avg_jungga_3 = ∞ , regdate = getdate()      WHERE storeno = '5103' AND ppmidx ='13308' 
12:06:21 : [3-1차 2차 판매 표준 편차]:'∞' 근처의 구문이 잘못되었습니다.
12:06:21 : 3-1차 2차  표준 편차쿼리: UPDATE preset_safe_stdevp_total SET stdevp_3 = ∞  , avg_jungga_3 = ∞ , regdate = getdate()      WHERE storeno = '6009' AND ppmidx ='13048' 
12:10:13 : [3-1차 2차 판매 표준 편차]:'∞' 근처의 구문이 잘못되었습니다.
12:10:13 : 3-1차 2차  표준 편차쿼리: UPDATE preset_safe_stdevp_total SET stdevp_3 = ∞  , avg_jungga_3 = ∞ , regdate = getdate()      WHERE storeno = '6017' AND ppmidx ='13218' 
12:11:48 : [3-1차 2차 판매 표준 편차]:'∞' 근처의 구문이 잘못되었습니다.
12:11:48 : 3-1차 2차  표준 편차쿼리: UPDATE preset_safe_stdevp_total SET stdevp_3 = ∞  , avg_jungga_3 = ∞ , regdate = getdate()      WHERE storeno = '6021' AND ppmidx ='13628' 
12:14:32 : [3-1차 2차 판매 표준 편차]:'∞' 근처의 구문이 잘못되었습니다.
12:14:32 : 3-1차 2차  표준 편차쿼리: UPDATE preset_safe_stdevp_total SET stdevp_3 = ∞  , avg_jungga_3 = ∞ , regdate = getdate()      WHERE storeno = '6027' AND ppmidx ='13463' 
12:15:01 : [3-1차 2차 판매 표준 편차]:'∞' 근처의 구문이 잘못되었습니다.
12:15:01 : 3-1차 2차  표준 편차쿼리: UPDATE preset_safe_stdevp_total SET stdevp_3 = ∞  , avg_jungga_3 = ∞ , regdate = getdate()      WHERE storeno = '6028' AND ppmidx ='13226' 
12:19:27 : [3-1차 2차 판매 표준 편차]:'∞' 근처의 구문이 잘못되었습니다.
12:19:27 : 3-1차 2차  표준 편차쿼리: UPDATE preset_safe_stdevp_total SET stdevp_3 = ∞  , avg_jungga_3 = ∞ , regdate = getdate()      WHERE storeno = '6039' AND ppmidx ='13309' 
12:24:10 : [3-1차 2차 판매 표준 편차]:'∞' 근처의 구문이 잘못되었습니다.
12:24:10 : 3-1차 2차  표준 편차쿼리: UPDATE preset_safe_stdevp_total SET stdevp_3 = ∞  , avg_jungga_3 = ∞ , regdate = getdate()      WHERE storeno = '6050' AND ppmidx ='13227' 
12:30:20 : [3-1차 2차 판매 표준 편차]:'∞' 근처의 구문이 잘못되었습니다.
12:30:20 : 3-1차 2차  표준 편차쿼리: UPDATE preset_safe_stdevp_total SET stdevp_3 = ∞  , avg_jungga_3 = ∞ , regdate = getdate()      WHERE storeno = '6064' AND ppmidx ='12949' 
12:30:51 : [3-1차 2차 판매 표준 편차]:'∞' 근처의 구문이 잘못되었습니다.
12:30:51 : 3-1차 2차  표준 편차쿼리: UPDATE preset_safe_stdevp_total SET stdevp_3 = ∞  , avg_jungga_3 = ∞ , regdate = getdate()      WHERE storeno = '6065' AND ppmidx ='13048' 
12:32:34 : [3-1차 2차 판매 표준 편차]:'∞' 근처의 구문이 잘못되었습니다.
12:32:34 : 3-1차 2차  표준 편차쿼리: UPDATE preset_safe_stdevp_total SET stdevp_3 = ∞  , avg_jungga_3 = ∞ , regdate = getdate()      WHERE storeno = '6069' AND ppmidx ='13308' 
12:35:17 : [3-1차 2차 판매 표준 편차]:'∞' 근처의 구문이 잘못되었습니다.
12:35:17 : 3-1차 2차  표준 편차쿼리: UPDATE preset_safe_stdevp_total SET stdevp_3 = ∞  , avg_jungga_3 = ∞ , regdate = getdate()      WHERE storeno = '6074' AND ppmidx ='12819' 
12:38:50 : [3-1차 2차 판매 표준 편차]:'∞' 근처의 구문이 잘못되었습니다.
12:38:50 : 3-1차 2차  표준 편차쿼리: UPDATE preset_safe_stdevp_total SET stdevp_3 = ∞  , avg_jungga_3 = ∞ , regdate = getdate()      WHERE storeno = '6083' AND ppmidx ='13049' 
12:39:23 : [3-1차 2차 판매 표준 편차]:'∞' 근처의 구문이 잘못되었습니다.
12:39:23 : 3-1차 2차  표준 편차쿼리: UPDATE preset_safe_stdevp_total SET stdevp_3 = ∞  , avg_jungga_3 = ∞ , regdate = getdate()      WHERE storeno = '6084' AND ppmidx ='13227' 
12:40:51 : [3-1차 2차 판매 표준 편차]:'∞' 근처의 구문이 잘못되었습니다.
12:40:51 : 3-1차 2차  표준 편차쿼리: UPDATE preset_safe_stdevp_total SET stdevp_3 = ∞  , avg_jungga_3 = ∞ , regdate = getdate()      WHERE storeno = '6087' AND ppmidx ='13047' 
12:42:25 : [3-1차 2차 판매 표준 편차]:'∞' 근처의 구문이 잘못되었습니다.
12:42:25 : 3-1차 2차  표준 편차쿼리: UPDATE preset_safe_stdevp_total SET stdevp_3 = ∞  , avg_jungga_3 = ∞ , regdate = getdate()      WHERE storeno = '6091' AND ppmidx ='13565' 
12:45:11 : [3-1차 2차 판매 표준 편차]:'∞' 근처의 구문이 잘못되었습니다.
12:45:11 : 3-1차 2차  표준 편차쿼리: UPDATE preset_safe_stdevp_total SET stdevp_3 = ∞  , avg_jungga_3 = ∞ , regdate = getdate()      WHERE storeno = '6096' AND ppmidx ='13223' 
12:46:49 : [3-1차 2차 판매 표준 편차]:'∞' 근처의 구문이 잘못되었습니다.
12:46:49 : 3-1차 2차  표준 편차쿼리: UPDATE preset_safe_stdevp_total SET stdevp_3 = ∞  , avg_jungga_3 = ∞ , regdate = getdate()      WHERE storeno = '6099' AND ppmidx ='13308' 
12:46:49 : [3-1차 2차 판매 표준 편차]:'∞' 근처의 구문이 잘못되었습니다.
12:46:49 : 3-1차 2차  표준 편차쿼리: UPDATE preset_safe_stdevp_total SET stdevp_3 = ∞  , avg_jungga_3 = ∞ , regdate = getdate()      WHERE storeno = '6099' AND ppmidx ='13309' 
12:47:18 : [3-1차 2차 판매 표준 편차]:'∞' 근처의 구문이 잘못되었습니다.
12:47:18 : 3-1차 2차  표준 편차쿼리: UPDATE preset_safe_stdevp_total SET stdevp_3 = ∞  , avg_jungga_3 = ∞ , regdate = getdate()      WHERE storeno = '6101' AND ppmidx ='13259' 
12:51:50 : [3-1차 2차 판매 표준 편차]:'∞' 근처의 구문이 잘못되었습니다.
12:51:50 : 3-1차 2차  표준 편차쿼리: UPDATE preset_safe_stdevp_total SET stdevp_3 = ∞  , avg_jungga_3 = ∞ , regdate = getdate()      WHERE storeno = '6110' AND ppmidx ='13308' 
12:52:21 : [3-1차 2차 판매 표준 편차]:'∞' 근처의 구문이 잘못되었습니다.
12:52:21 : 3-1차 2차  표준 편차쿼리: UPDATE preset_safe_stdevp_total SET stdevp_3 = ∞  , avg_jungga_3 = ∞ , regdate = getdate()      WHERE storeno = '6111' AND ppmidx ='13223' 
12:55:28 : [3-1차 2차 판매 표준 편차]:'∞' 근처의 구문이 잘못되었습니다.
12:55:28 : 3-1차 2차  표준 편차쿼리: UPDATE preset_safe_stdevp_total SET stdevp_3 = ∞  , avg_jungga_3 = ∞ , regdate = getdate()      WHERE storeno = '6118' AND ppmidx ='13308' 
12:56:36 : [3-1차 2차 판매 표준 편차]:'∞' 근처의 구문이 잘못되었습니다.
12:56:36 : 3-1차 2차  표준 편차쿼리: UPDATE preset_safe_stdevp_total SET stdevp_3 = ∞  , avg_jungga_3 = ∞ , regdate = getdate()      WHERE storeno = '6120' AND ppmidx ='13227' 
12:57:06 : [3-1차 2차 판매 표준 편차]:'∞' 근처의 구문이 잘못되었습니다.
12:57:06 : 3-1차 2차  표준 편차쿼리: UPDATE preset_safe_stdevp_total SET stdevp_3 = ∞  , avg_jungga_3 = ∞ , regdate = getdate()      WHERE storeno = '6121' AND ppmidx ='13309' 
12:58:02 : [3-1차 2차 판매 표준 편차]:'∞' 근처의 구문이 잘못되었습니다.
12:58:02 : 3-1차 2차  표준 편차쿼리: UPDATE preset_safe_stdevp_total SET stdevp_3 = ∞  , avg_jungga_3 = ∞ , regdate = getdate()      WHERE storeno = '6123' AND ppmidx ='13661' 
12:59:27 : [3-1차 2차 판매 표준 편차]:'∞' 근처의 구문이 잘못되었습니다.
12:59:27 : 3-1차 2차  표준 편차쿼리: UPDATE preset_safe_stdevp_total SET stdevp_3 = ∞  , avg_jungga_3 = ∞ , regdate = getdate()      WHERE storeno = '6126' AND ppmidx ='13226' 
13:17:01 : [MsSql]:Open
13:18:06 : [MsSql]:Open
13:21:39 : [MsSql]:Open
13:23:35 : [MsSql]:Open
13:24:08 : [MsSql]:Open
13:24:39 : [MsSql]:Open
13:28:34 : [MsSql]:Open
15:46:09 : [3-1차  2차  판매 표준 편차 완료]
15:46:09 : [MsSql]:Open
